Arguments: 
  C:\Program Files\nodejs\node.exe C:\Users\Administrator\AppData\Roaming\npm\node_modules\yarn\bin\yarn.js

PATH: 
  C:\Program Files (x86)\Common Files\Oracle\Java\javapath;C:\ProgramData\Oracle\Java\javapath;C:\Windows\system32;C:\Windows;C:\Windows\System32\Wbem;C:\Windows\System32\WindowsPowerShell\v1.0\;C:\Windows\System32\OpenSSH\;C:\Program Files\Git\cmd;C:\Program Files\nodejs\;C:\Program Files\PuTTY\;C:\Users\Administrator\AppData\Local\Microsoft\WindowsApps;;C:\Program Files\JetBrains\WebStorm 2021.3.2\bin;;C:\Users\Administrator\AppData\Local\Programs\Microsoft VS Code\bin;C:\Users\Administrator\AppData\Roaming\npm;C:\Users\Administrator\AppData\Local\Programs\Fiddler;C:\Program Files\heroku\bin

Yarn version: 
  1.22.18

Node version: 
  16.14.2

Platform: 
  win32 x64

Trace: 
  SyntaxError: C:\Users\Administrator\0sunm\package.json: Unexpected token } in JSON at position 357
      at JSON.parse (<anonymous>)
      at C:\Users\Administrator\AppData\Roaming\npm\node_modules\yarn\lib\cli.js:1625:59
      at Generator.next (<anonymous>)
      at step (C:\Users\Administrator\AppData\Roaming\npm\node_modules\yarn\lib\cli.js:310:30)
      at C:\Users\Administrator\AppData\Roaming\npm\node_modules\yarn\lib\cli.js:321:13

npm manifest: 
  {
    "name": "0sunm",
    "version": "1.0.0",
    "main": "index.js",
    "repository": "https://github.com/0sunman/0sunmessage.git",
    "author": "1807869 <yysun2000@thehyundai.com>",
    "license": "MIT",
    "private":true, 
    "workspaces":["client", "server"],
    "scripts":{
      "client":"yarn workspace client start",
      "server":"yarn workspace server start",
    }
  }

yarn manifest: 
  No manifest

Lockfile: 
  No lockfile
